<?xml version="1.0" encoding="UTF-8"?>
<!-- Generated by org.testng.reporters.JUnitReportReporter -->
<testsuite skipped="0" hostname="LAPTOP-JVNL5G83" name="com.carbonite.test.suites.AllProdcutPageTest" tests="4" failures="1" timestamp="31 Dec 2020 19:00:27 GMT" time="76.473" errors="0">
  <testcase name="runScenario" time="19.841" classname="com.carbonite.test.suites.AllProdcutPageTest"/>
  <testcase name="runScenario" time="18.279" classname="com.carbonite.test.suites.AllProdcutPageTest">
    <failure type="java.lang.AssertionError" message="expected [true] but found [false]">
      <![CDATA[java.lang.AssertionError: expected [true] but found [false]
at org.testng.Assert.fail(Assert.java:96)
at org.testng.Assert.failNotEquals(Assert.java:776)
at org.testng.Assert.assertTrue(Assert.java:44)
at org.testng.Assert.assertTrue(Assert.java:54)
at com.carbonite.step.definitions.AllProductPageSteps.verify_the_image_on_all_product(AllProductPageSteps.java:53)
at âœ½.Verify the  image on All Product(file:///F:/Carbonite/Parent_Project/Portals/VueDawnPortal/features/AllProductsPageFeature/AllProductPage.feature:38)
]]>
    </failure>
  </testcase> <!-- runScenario -->
  <testcase name="runScenario" time="16.805" classname="com.carbonite.test.suites.AllProdcutPageTest"/>
  <testcase name="runScenario" time="21.548" classname="com.carbonite.test.suites.AllProdcutPageTest"/>
</testsuite> <!-- com.carbonite.test.suites.AllProdcutPageTest -->
